<?xml version="1.0" encoding="UTF-8"?>
<!-- Generated by org.testng.reporters.JUnitXMLReporter -->
<testsuite ignored="0" hostname="IN-4DJ9WP3" failures="0" tests="2" name="Default test" time="9.256" errors="0" timestamp="2023-09-13T21:09:20 IST">
  <testcase classname="testcases.VerifySearchFuntioanlityOnHomePage" name="FailedTestcase_matchingSearchedProduct" time="0.313"/>
  <testcase classname="testcases.VerifySearchFuntioanlityOnHomePage" name="matchingSearchedProduct" time="0.351"/>
</testsuite> <!-- Default test -->
